<?xml version="1.0" encoding="UTF-8"?>
<!-- Generated by org.testng.reporters.JUnitXMLReporter -->
<testsuite ignored="0" hostname="DESKTOP-493EAAE" failures="0" tests="1" name="dropdown" time="1.396" errors="0" timestamp="2022-04-14T15:11:22 IST">
  <testcase classname="testingbaba.Testingbaba_dropdown_test" name="@BeforeTest launchtestingbaba" time="1.346">
    <failure type="java.lang.NullPointerException" message="null value in entry: url=null">
      <![CDATA[java.lang.NullPointerException: null value in entry: url=null
at com.google.common.collect.CollectPreconditions.checkEntryNotNull(CollectPreconditions.java:33)
at com.google.common.collect.SingletonImmutableBiMap.<init>(SingletonImmutableBiMap.java:43)
at com.google.common.collect.ImmutableBiMap.of(ImmutableBiMap.java:81)
at com.google.common.collect.ImmutableMap.of(ImmutableMap.java:128)
at org.openqa.selenium.remote.DriverCommand.GET(DriverCommand.java:76)
at org.openqa.selenium.remote.RemoteWebDriver.get(RemoteWebDriver.java:330)
at baselibrary.Baselibrary.getlaunch(Baselibrary.java:22)
at testingbaba.Testingbaba_dropdown_test.launchtestingbaba(Testingbaba_dropdown_test.java:19)
... Removed 24 stack frames]]>
    </failure>
  </testcase> <!-- @BeforeTest launchtestingbaba -->
  <testcase classname="baselibrary.Baselibrary" name="@AfterTest teardown" time="-1.649929282155E9">
    <skipped/>
  </testcase> <!-- @AfterTest teardown -->
  <testcase classname="testingbaba.Testingbaba_dropdown_test" name="DropdownTestingBaba_test01" time="0.0">
    <skipped/>
  </testcase> <!-- DropdownTestingBaba_test01 -->
</testsuite> <!-- dropdown -->
