<?xml version="1.0" encoding="UTF-8"?>
<!-- Generated by org.testng.reporters.JUnitXMLReporter -->
<testsuite ignored="0" hostname="DESKTOP-493EAAE" failures="0" tests="4" name="Textbox" time="1.346" errors="0" timestamp="2022-04-14T15:11:17 IST">
  <testcase classname="testingbaba.Testingbaba_textbox_test" name="@BeforeTest launchtestingbaba" time="1.296">
    <failure type="java.lang.NullPointerException" message="null value in entry: url=null">
      <![CDATA[java.lang.NullPointerException: null value in entry: url=null
at com.google.common.collect.CollectPreconditions.checkEntryNotNull(CollectPreconditions.java:33)
at com.google.common.collect.SingletonImmutableBiMap.<init>(SingletonImmutableBiMap.java:43)
at com.google.common.collect.ImmutableBiMap.of(ImmutableBiMap.java:81)
at com.google.common.collect.ImmutableMap.of(ImmutableMap.java:128)
at org.openqa.selenium.remote.DriverCommand.GET(DriverCommand.java:76)
at org.openqa.selenium.remote.RemoteWebDriver.get(RemoteWebDriver.java:330)
at baselibrary.Baselibrary.getlaunch(Baselibrary.java:22)
at testingbaba.Testingbaba_textbox_test.launchtestingbaba(Testingbaba_textbox_test.java:24)
... Removed 24 stack frames]]>
    </failure>
  </testcase> <!-- @BeforeTest launchtestingbaba -->
  <testcase classname="baselibrary.Baselibrary" name="@AfterTest teardown" time="-1.649929277624E9">
    <skipped/>
  </testcase> <!-- @AfterTest teardown -->
  <testcase classname="testingbaba.Testingbaba_textbox_test" name="TextboxTestingBaba_test01" time="0.0">
    <skipped/>
  </testcase> <!-- TextboxTestingBaba_test01 -->
  <testcase classname="testingbaba.Testingbaba_textbox_test" name="TextboxTestingBaba_test02" time="0.0">
    <skipped/>
  </testcase> <!-- TextboxTestingBaba_test02 -->
  <testcase classname="testingbaba.Testingbaba_textbox_test" name="TextboxTestingBaba_test03" time="0.0">
    <skipped/>
  </testcase> <!-- TextboxTestingBaba_test03 -->
  <testcase classname="testingbaba.Testingbaba_textbox_test" name="TextboxTestingBaba_test04" time="0.0">
    <skipped/>
  </testcase> <!-- TextboxTestingBaba_test04 -->
</testsuite> <!-- Textbox -->
