<?xml version="1.0" encoding="UTF-8"?>
<testng-results ignored="0" total="19" passed="18" failed="0" skipped="1">
  <reporter-output>
    <line>
      <![CDATA[About to begin executing Class smoke]]>
    </line>
    <line>
      <![CDATA[Testcase LaunchTestingBaba_test01 started successfully]]>
    </line>
    <line>
      <![CDATA[Testcase LaunchTestingBaba_test01 passed successfully]]>
    </line>
    <line>
      <![CDATA[About to end executing Class smoke]]>
    </line>
    <line>
      <![CDATA[About to begin executing Class Textbox]]>
    </line>
    <line>
      <![CDATA[Testcase TextboxTestingBaba_test01 started successfully]]>
    </line>
    <line>
      <![CDATA[inside test01]]>
    </line>
    <line>
      <![CDATA[Testcase TextboxTestingBaba_test01 passed successfully]]>
    </line>
    <line>
      <![CDATA[Testcase TextboxTestingBaba_test02 started successfully]]>
    </line>
    <line>
      <![CDATA[inside test01]]>
    </line>
    <line>
      <![CDATA[Testcase TextboxTestingBaba_test02 passed successfully]]>
    </line>
    <line>
      <![CDATA[Testcase TextboxTestingBaba_test03 started successfully]]>
    </line>
    <line>
      <![CDATA[inside test01]]>
    </line>
    <line>
      <![CDATA[Testcase TextboxTestingBaba_test03 passed successfully]]>
    </line>
    <line>
      <![CDATA[Testcase TextboxTestingBaba_test04 started successfully]]>
    </line>
    <line>
      <![CDATA[inside test01]]>
    </line>
    <line>
      <![CDATA[Testcase TextboxTestingBaba_test04 passed successfully]]>
    </line>
  </reporter-output>
  <suite started-at="2022-04-14T15:24:21 IST" name="Testingbaba" finished-at="2022-04-14T15:26:22 IST" duration-ms="121221">
    <groups>
    </groups>
    <test started-at="2022-04-14T15:24:21 IST" name="smoke" finished-at="2022-04-14T15:24:31 IST" duration-ms="9978">
      <class name="testingbaba.Testingbaba_launch_test">
        <test-method is-config="true" signature="launchtestingbaba()[pri:0, instance:testingbaba.Testingbaba_launch_test@5b11a194]" started-at="2022-04-14T15:24:21 IST" name="launchtestingbaba" finished-at="2022-04-14T15:24:30 IST" duration-ms="8781" status="PASS">
          <reporter-output>
          </reporter-output>
        </test-method> <!-- launchtestingbaba -->
        <test-method signature="LaunchTestingBaba_test01()[pri:0, instance:testingbaba.Testingbaba_launch_test@5b11a194]" started-at="2022-04-14T15:24:30 IST" name="LaunchTestingBaba_test01" finished-at="2022-04-14T15:24:30 IST" duration-ms="26" status="PASS">
          <reporter-output>
            <line>
              <![CDATA[Testcase LaunchTestingBaba_test01 started successfully]]>
            </line>
            <line>
              <![CDATA[Testcase LaunchTestingBaba_test01 passed successfully]]>
            </line>
          </reporter-output>
        </test-method> <!-- LaunchTestingBaba_test01 -->
        <test-method is-config="true" signature="Teardown()[pri:0, instance:testingbaba.Testingbaba_launch_test@5b11a194]" started-at="2022-04-14T15:24:30 IST" name="Teardown" finished-at="2022-04-14T15:24:31 IST" duration-ms="1065" status="PASS">
          <reporter-output>
          </reporter-output>
        </test-method> <!-- Teardown -->
      </class> <!-- testingbaba.Testingbaba_launch_test -->
    </test> <!-- smoke -->
    <test started-at="2022-04-14T15:24:31 IST" name="Textbox" finished-at="2022-04-14T15:24:41 IST" duration-ms="9428">
      <class name="testingbaba.Testingbaba_textbox_test">
        <test-method is-config="true" signature="launchtestingbaba()[pri:0, instance:testingbaba.Testingbaba_textbox_test@553f1d75]" started-at="2022-04-14T15:24:31 IST" name="launchtestingbaba" finished-at="2022-04-14T15:24:38 IST" duration-ms="7110" status="PASS">
          <reporter-output>
          </reporter-output>
        </test-method> <!-- launchtestingbaba -->
        <test-method signature="TextboxTestingBaba_test01()[pri:0, instance:testingbaba.Testingbaba_textbox_test@553f1d75]" started-at="2022-04-14T15:24:38 IST" name="TextboxTestingBaba_test01" finished-at="2022-04-14T15:24:38 IST" duration-ms="21" status="PASS">
          <reporter-output>
            <line>
              <![CDATA[Testcase TextboxTestingBaba_test01 started successfully]]>
            </line>
            <line>
              <![CDATA[inside test01]]>
            </line>
            <line>
              <![CDATA[Testcase TextboxTestingBaba_test01 passed successfully]]>
            </line>
          </reporter-output>
        </test-method> <!-- TextboxTestingBaba_test01 -->
        <test-method signature="TextboxTestingBaba_test02()[pri:1, instance:testingbaba.Testingbaba_textbox_test@553f1d75]" started-at="2022-04-14T15:24:38 IST" name="TextboxTestingBaba_test02" finished-at="2022-04-14T15:24:39 IST" duration-ms="141" status="PASS">
          <reporter-output>
            <line>
              <![CDATA[Testcase TextboxTestingBaba_test02 started successfully]]>
            </line>
            <line>
              <![CDATA[inside test01]]>
            </line>
            <line>
              <![CDATA[Testcase TextboxTestingBaba_test02 passed successfully]]>
            </line>
          </reporter-output>
        </test-method> <!-- TextboxTestingBaba_test02 -->
        <test-method signature="TextboxTestingBaba_test03()[pri:2, instance:testingbaba.Testingbaba_textbox_test@553f1d75]" started-at="2022-04-14T15:24:39 IST" name="TextboxTestingBaba_test03" finished-at="2022-04-14T15:24:40 IST" duration-ms="1158" status="PASS">
          <reporter-output>
            <line>
              <![CDATA[Testcase TextboxTestingBaba_test03 started successfully]]>
            </line>
            <line>
              <![CDATA[inside test01]]>
            </line>
            <line>
              <![CDATA[Testcase TextboxTestingBaba_test03 passed successfully]]>
            </line>
          </reporter-output>
        </test-method> <!-- TextboxTestingBaba_test03 -->
        <test-method signature="TextboxTestingBaba_test04()[pri:3, instance:testingbaba.Testingbaba_textbox_test@553f1d75]" started-at="2022-04-14T15:24:40 IST" name="TextboxTestingBaba_test04" finished-at="2022-04-14T15:24:40 IST" duration-ms="262" status="PASS">
          <reporter-output>
            <line>
              <![CDATA[Testcase TextboxTestingBaba_test04 started successfully]]>
            </line>
            <line>
              <![CDATA[inside test01]]>
            </line>
            <line>
              <![CDATA[Testcase TextboxTestingBaba_test04 passed successfully]]>
            </line>
          </reporter-output>
        </test-method> <!-- TextboxTestingBaba_test04 -->
        <test-method is-config="true" signature="Teardown()[pri:0, instance:testingbaba.Testingbaba_textbox_test@553f1d75]" started-at="2022-04-14T15:24:40 IST" name="Teardown" finished-at="2022-04-14T15:24:41 IST" duration-ms="729" status="PASS">
          <reporter-output>
          </reporter-output>
        </test-method> <!-- Teardown -->
      </class> <!-- testingbaba.Testingbaba_textbox_test -->
    </test> <!-- Textbox -->
    <test started-at="2022-04-14T15:24:41 IST" name="buttons" finished-at="2022-04-14T15:24:50 IST" duration-ms="9333">
      <class name="testingbaba.Testingbaba_buttons_test">
        <test-method is-config="true" signature="launchtestingbaba()[pri:0, instance:testingbaba.Testingbaba_buttons_test@7e38a7fe]" started-at="2022-04-14T15:24:41 IST" name="launchtestingbaba" finished-at="2022-04-14T15:24:48 IST" duration-ms="7340" status="PASS">
          <reporter-output>
          </reporter-output>
        </test-method> <!-- launchtestingbaba -->
        <test-method signature="ButtonsTestingBaba_test01()[pri:0, instance:testingbaba.Testingbaba_buttons_test@7e38a7fe]" started-at="2022-04-14T15:24:48 IST" name="ButtonsTestingBaba_test01" finished-at="2022-04-14T15:24:48 IST" duration-ms="220" status="PASS">
          <reporter-output>
          </reporter-output>
        </test-method> <!-- ButtonsTestingBaba_test01 -->
        <test-method signature="ButtonsTestingBaba_test02()[pri:1, instance:testingbaba.Testingbaba_buttons_test@7e38a7fe]" started-at="2022-04-14T15:24:48 IST" name="ButtonsTestingBaba_test02" finished-at="2022-04-14T15:24:49 IST" duration-ms="749" status="PASS">
          <reporter-output>
          </reporter-output>
        </test-method> <!-- ButtonsTestingBaba_test02 -->
        <test-method signature="ButtonsTestingBaba_test03()[pri:2, instance:testingbaba.Testingbaba_buttons_test@7e38a7fe]" started-at="2022-04-14T15:24:49 IST" name="ButtonsTestingBaba_test03" finished-at="2022-04-14T15:24:49 IST" duration-ms="237" status="PASS">
          <reporter-output>
          </reporter-output>
        </test-method> <!-- ButtonsTestingBaba_test03 -->
        <test-method is-config="true" signature="Teardown()[pri:0, instance:testingbaba.Testingbaba_buttons_test@7e38a7fe]" started-at="2022-04-14T15:24:49 IST" name="Teardown" finished-at="2022-04-14T15:24:50 IST" duration-ms="785" status="PASS">
          <reporter-output>
          </reporter-output>
        </test-method> <!-- Teardown -->
      </class> <!-- testingbaba.Testingbaba_buttons_test -->
    </test> <!-- buttons -->
    <test started-at="2022-04-14T15:24:50 IST" name="checkbox" finished-at="2022-04-14T15:25:12 IST" duration-ms="22146">
      <class name="testingbaba.Testingbaba_checkbox_test">
        <test-method is-config="true" signature="launchtestingbaba()[pri:0, instance:testingbaba.Testingbaba_checkbox_test@21aa6d6c]" started-at="2022-04-14T15:24:50 IST" name="launchtestingbaba" finished-at="2022-04-14T15:24:58 IST" duration-ms="8129" status="PASS">
          <reporter-output>
          </reporter-output>
        </test-method> <!-- launchtestingbaba -->
        <test-method signature="CheckboxTestingBaba_test01()[pri:1, instance:testingbaba.Testingbaba_checkbox_test@21aa6d6c]" started-at="2022-04-14T15:24:58 IST" name="CheckboxTestingBaba_test01" finished-at="2022-04-14T15:24:58 IST" duration-ms="152" status="PASS">
          <reporter-output>
          </reporter-output>
        </test-method> <!-- CheckboxTestingBaba_test01 -->
        <test-method signature="CheckboxTestingBaba_test02()[pri:2, instance:testingbaba.Testingbaba_checkbox_test@21aa6d6c]" started-at="2022-04-14T15:24:58 IST" name="CheckboxTestingBaba_test02" finished-at="2022-04-14T15:25:03 IST" duration-ms="4238" status="PASS">
          <reporter-output>
          </reporter-output>
        </test-method> <!-- CheckboxTestingBaba_test02 -->
        <test-method signature="CheckboxTestingBaba_test03()[pri:3, instance:testingbaba.Testingbaba_checkbox_test@21aa6d6c]" started-at="2022-04-14T15:25:03 IST" name="CheckboxTestingBaba_test03" finished-at="2022-04-14T15:25:11 IST" duration-ms="8814" status="PASS">
          <reporter-output>
          </reporter-output>
        </test-method> <!-- CheckboxTestingBaba_test03 -->
        <test-method is-config="true" signature="Teardown()[pri:0, instance:testingbaba.Testingbaba_checkbox_test@21aa6d6c]" started-at="2022-04-14T15:25:11 IST" name="Teardown" finished-at="2022-04-14T15:25:12 IST" duration-ms="807" status="PASS">
          <reporter-output>
          </reporter-output>
        </test-method> <!-- Teardown -->
      </class> <!-- testingbaba.Testingbaba_checkbox_test -->
    </test> <!-- checkbox -->
    <test started-at="2022-04-14T15:25:12 IST" name="dropdown" finished-at="2022-04-14T15:25:30 IST" duration-ms="17871">
      <class name="testingbaba.Testingbaba_dropdown_test">
        <test-method is-config="true" signature="launchtestingbaba()[pri:0, instance:testingbaba.Testingbaba_dropdown_test@1433046b]" started-at="2022-04-14T15:25:12 IST" name="launchtestingbaba" finished-at="2022-04-14T15:25:17 IST" duration-ms="4647" status="PASS">
          <reporter-output>
          </reporter-output>
        </test-method> <!-- launchtestingbaba -->
        <test-method signature="DropdownTestingBaba_test01()[pri:0, instance:testingbaba.Testingbaba_dropdown_test@1433046b]" started-at="2022-04-14T15:25:17 IST" name="DropdownTestingBaba_test01" finished-at="2022-04-14T15:25:29 IST" duration-ms="12409" status="PASS">
          <reporter-output>
          </reporter-output>
        </test-method> <!-- DropdownTestingBaba_test01 -->
        <test-method is-config="true" signature="Teardown()[pri:0, instance:testingbaba.Testingbaba_dropdown_test@1433046b]" started-at="2022-04-14T15:25:29 IST" name="Teardown" finished-at="2022-04-14T15:25:30 IST" duration-ms="813" status="PASS">
          <reporter-output>
          </reporter-output>
        </test-method> <!-- Teardown -->
      </class> <!-- testingbaba.Testingbaba_dropdown_test -->
    </test> <!-- dropdown -->
    <test started-at="2022-04-14T15:25:30 IST" name="links" finished-at="2022-04-14T15:25:43 IST" duration-ms="12934">
      <class name="testingbaba.Testingbaba_links_test">
        <test-method is-config="true" signature="launchtestingbaba()[pri:0, instance:testingbaba.Testingbaba_links_test@61bcd567]" started-at="2022-04-14T15:25:30 IST" name="launchtestingbaba" finished-at="2022-04-14T15:25:37 IST" duration-ms="7110" status="PASS">
          <reporter-output>
          </reporter-output>
        </test-method> <!-- launchtestingbaba -->
        <test-method signature="LinksTestingBaba_test01()[pri:1, instance:testingbaba.Testingbaba_links_test@61bcd567]" started-at="2022-04-14T15:25:37 IST" name="LinksTestingBaba_test01" finished-at="2022-04-14T15:25:37 IST" duration-ms="147" status="PASS">
          <reporter-output>
          </reporter-output>
        </test-method> <!-- LinksTestingBaba_test01 -->
        <test-method signature="LinksTestingBaba_test02()[pri:2, instance:testingbaba.Testingbaba_links_test@61bcd567]" started-at="2022-04-14T15:25:37 IST" name="LinksTestingBaba_test02" finished-at="2022-04-14T15:25:42 IST" duration-ms="4378" status="PASS">
          <reporter-output>
          </reporter-output>
        </test-method> <!-- LinksTestingBaba_test02 -->
        <test-method is-config="true" signature="Teardown()[pri:0, instance:testingbaba.Testingbaba_links_test@61bcd567]" started-at="2022-04-14T15:25:42 IST" name="Teardown" finished-at="2022-04-14T15:25:43 IST" duration-ms="1298" status="PASS">
          <reporter-output>
          </reporter-output>
        </test-method> <!-- Teardown -->
      </class> <!-- testingbaba.Testingbaba_links_test -->
    </test> <!-- links -->
    <test started-at="2022-04-14T15:25:43 IST" name="radio" finished-at="2022-04-14T15:25:48 IST" duration-ms="4638">
      <class name="testingbaba.Testingbaba_radio_test">
        <test-method is-config="true" signature="launchtestingbaba()[pri:0, instance:testingbaba.Testingbaba_radio_test@56276db8]" started-at="2022-04-14T15:25:43 IST" name="launchtestingbaba" finished-at="2022-04-14T15:25:48 IST" duration-ms="4616" status="FAIL">
          <exception class="java.lang.NullPointerException">
            <message>
              <![CDATA[null value in entry: url=null]]>
            </message>
            <full-stacktrace>
              <![CDATA[java.lang.NullPointerException: null value in entry: url=null
at com.google.common.collect.CollectPreconditions.checkEntryNotNull(CollectPreconditions.java:33)
at com.google.common.collect.SingletonImmutableBiMap.<init>(SingletonImmutableBiMap.java:43)
at com.google.common.collect.ImmutableBiMap.of(ImmutableBiMap.java:81)
at com.google.common.collect.ImmutableMap.of(ImmutableMap.java:126)
at org.openqa.selenium.remote.DriverCommand.GET(DriverCommand.java:76)
at org.openqa.selenium.remote.RemoteWebDriver.get(RemoteWebDriver.java:327)
at testingbaba.Testingbaba_radio_test.launchtestingbaba(Testingbaba_radio_test.java:21)
at java.base/jdk.internal.reflect.NativeMethodAccessorImpl.invoke0(Native Method)
at java.base/jdk.internal.reflect.NativeMethodAccessorImpl.invoke(NativeMethodAccessorImpl.java:62)
at java.base/jdk.internal.reflect.DelegatingMethodAccessorImpl.invoke(DelegatingMethodAccessorImpl.java:43)
at java.base/java.lang.reflect.Method.invoke(Method.java:566)
at org.testng.internal.invokers.MethodInvocationHelper.invokeMethod(MethodInvocationHelper.java:135)
at org.testng.internal.invokers.MethodInvocationHelper.invokeMethodConsideringTimeout(MethodInvocationHelper.java:65)
at org.testng.internal.invokers.ConfigInvoker.invokeConfigurationMethod(ConfigInvoker.java:381)
at org.testng.internal.invokers.ConfigInvoker.invokeConfigurations(ConfigInvoker.java:319)
at org.testng.TestRunner.invokeTestConfigurations(TestRunner.java:645)
at org.testng.TestRunner.beforeRun(TestRunner.java:634)
at org.testng.TestRunner.run(TestRunner.java:596)
at org.testng.SuiteRunner.runTest(SuiteRunner.java:429)
at org.testng.SuiteRunner.runSequentially(SuiteRunner.java:423)
at org.testng.SuiteRunner.privateRun(SuiteRunner.java:383)
at org.testng.SuiteRunner.run(SuiteRunner.java:326)
at org.testng.SuiteRunnerWorker.runSuite(SuiteRunnerWorker.java:52)
at org.testng.SuiteRunnerWorker.run(SuiteRunnerWorker.java:95)
at org.testng.TestNG.runSuitesSequentially(TestNG.java:1249)
at org.testng.TestNG.runSuitesLocally(TestNG.java:1169)
at org.testng.TestNG.runSuites(TestNG.java:1092)
at org.testng.TestNG.run(TestNG.java:1060)
at org.apache.maven.surefire.testng.TestNGExecutor.run(TestNGExecutor.java:281)
at org.apache.maven.surefire.testng.TestNGXmlTestSuite.execute(TestNGXmlTestSuite.java:75)
at org.apache.maven.surefire.testng.TestNGProvider.invoke(TestNGProvider.java:121)
at org.apache.maven.surefire.booter.ForkedBooter.invokeProviderInSameClassLoader(ForkedBooter.java:290)
at org.apache.maven.surefire.booter.ForkedBooter.runSuitesInProcess(ForkedBooter.java:242)
at org.apache.maven.surefire.booter.ForkedBooter.main(ForkedBooter.java:121)
]]>
            </full-stacktrace>
          </exception> <!-- java.lang.NullPointerException -->
          <reporter-output>
          </reporter-output>
        </test-method> <!-- launchtestingbaba -->
        <test-method signature="RadioButtonTestingBaba_test01()[pri:0, instance:testingbaba.Testingbaba_radio_test@56276db8]" started-at="2022-04-14T15:25:48 IST" name="RadioButtonTestingBaba_test01" finished-at="2022-04-14T15:25:48 IST" duration-ms="0" status="SKIP">
          <exception class="java.lang.NullPointerException">
            <message>
              <![CDATA[null value in entry: url=null]]>
            </message>
            <full-stacktrace>
              <![CDATA[java.lang.NullPointerException: null value in entry: url=null
at com.google.common.collect.CollectPreconditions.checkEntryNotNull(CollectPreconditions.java:33)
at com.google.common.collect.SingletonImmutableBiMap.<init>(SingletonImmutableBiMap.java:43)
at com.google.common.collect.ImmutableBiMap.of(ImmutableBiMap.java:81)
at com.google.common.collect.ImmutableMap.of(ImmutableMap.java:126)
at org.openqa.selenium.remote.DriverCommand.GET(DriverCommand.java:76)
at org.openqa.selenium.remote.RemoteWebDriver.get(RemoteWebDriver.java:327)
at testingbaba.Testingbaba_radio_test.launchtestingbaba(Testingbaba_radio_test.java:21)
at java.base/jdk.internal.reflect.NativeMethodAccessorImpl.invoke0(Native Method)
at java.base/jdk.internal.reflect.NativeMethodAccessorImpl.invoke(NativeMethodAccessorImpl.java:62)
at java.base/jdk.internal.reflect.DelegatingMethodAccessorImpl.invoke(DelegatingMethodAccessorImpl.java:43)
at java.base/java.lang.reflect.Method.invoke(Method.java:566)
at org.testng.internal.invokers.MethodInvocationHelper.invokeMethod(MethodInvocationHelper.java:135)
at org.testng.internal.invokers.MethodInvocationHelper.invokeMethodConsideringTimeout(MethodInvocationHelper.java:65)
at org.testng.internal.invokers.ConfigInvoker.invokeConfigurationMethod(ConfigInvoker.java:381)
at org.testng.internal.invokers.ConfigInvoker.invokeConfigurations(ConfigInvoker.java:319)
at org.testng.TestRunner.invokeTestConfigurations(TestRunner.java:645)
at org.testng.TestRunner.beforeRun(TestRunner.java:634)
at org.testng.TestRunner.run(TestRunner.java:596)
at org.testng.SuiteRunner.runTest(SuiteRunner.java:429)
at org.testng.SuiteRunner.runSequentially(SuiteRunner.java:423)
at org.testng.SuiteRunner.privateRun(SuiteRunner.java:383)
at org.testng.SuiteRunner.run(SuiteRunner.java:326)
at org.testng.SuiteRunnerWorker.runSuite(SuiteRunnerWorker.java:52)
at org.testng.SuiteRunnerWorker.run(SuiteRunnerWorker.java:95)
at org.testng.TestNG.runSuitesSequentially(TestNG.java:1249)
at org.testng.TestNG.runSuitesLocally(TestNG.java:1169)
at org.testng.TestNG.runSuites(TestNG.java:1092)
at org.testng.TestNG.run(TestNG.java:1060)
at org.apache.maven.surefire.testng.TestNGExecutor.run(TestNGExecutor.java:281)
at org.apache.maven.surefire.testng.TestNGXmlTestSuite.execute(TestNGXmlTestSuite.java:75)
at org.apache.maven.surefire.testng.TestNGProvider.invoke(TestNGProvider.java:121)
at org.apache.maven.surefire.booter.ForkedBooter.invokeProviderInSameClassLoader(ForkedBooter.java:290)
at org.apache.maven.surefire.booter.ForkedBooter.runSuitesInProcess(ForkedBooter.java:242)
at org.apache.maven.surefire.booter.ForkedBooter.main(ForkedBooter.java:121)
]]>
            </full-stacktrace>
          </exception> <!-- java.lang.NullPointerException -->
          <reporter-output>
          </reporter-output>
        </test-method> <!-- RadioButtonTestingBaba_test01 -->
        <test-method is-config="true" signature="Teardown()[pri:0, instance:testingbaba.Testingbaba_radio_test@56276db8]" started-at="2022-04-14T15:25:48 IST" name="Teardown" finished-at="2022-04-14T15:25:48 IST" duration-ms="0" status="SKIP">
          <reporter-output>
          </reporter-output>
        </test-method> <!-- Teardown -->
      </class> <!-- testingbaba.Testingbaba_radio_test -->
    </test> <!-- radio -->
    <test started-at="2022-04-14T15:25:48 IST" name="autocomplete" finished-at="2022-04-14T15:26:00 IST" duration-ms="12042">
      <class name="testingbaba.Testingbaba_autocomplete_test">
        <test-method is-config="true" signature="launchtestingbaba()[pri:0, instance:testingbaba.Testingbaba_autocomplete_test@293d0107]" started-at="2022-04-14T15:25:48 IST" name="launchtestingbaba" finished-at="2022-04-14T15:25:55 IST" duration-ms="7088" status="PASS">
          <reporter-output>
          </reporter-output>
        </test-method> <!-- launchtestingbaba -->
        <test-method signature="AutocompleteTestingBaba_test01()[pri:1, instance:testingbaba.Testingbaba_autocomplete_test@293d0107]" started-at="2022-04-14T15:25:55 IST" name="AutocompleteTestingBaba_test01" finished-at="2022-04-14T15:25:55 IST" duration-ms="174" status="PASS">
          <reporter-output>
          </reporter-output>
        </test-method> <!-- AutocompleteTestingBaba_test01 -->
        <test-method signature="AutocompleteTestingBaba_test02()[pri:2, instance:testingbaba.Testingbaba_autocomplete_test@293d0107]" started-at="2022-04-14T15:25:55 IST" name="AutocompleteTestingBaba_test02" finished-at="2022-04-14T15:25:56 IST" duration-ms="1133" status="PASS">
          <reporter-output>
          </reporter-output>
        </test-method> <!-- AutocompleteTestingBaba_test02 -->
        <test-method signature="AutocompleteTestingBaba_test03()[pri:3, instance:testingbaba.Testingbaba_autocomplete_test@293d0107]" started-at="2022-04-14T15:25:56 IST" name="AutocompleteTestingBaba_test03" finished-at="2022-04-14T15:25:59 IST" duration-ms="2595" status="PASS">
          <reporter-output>
          </reporter-output>
        </test-method> <!-- AutocompleteTestingBaba_test03 -->
        <test-method is-config="true" signature="Teardown()[pri:0, instance:testingbaba.Testingbaba_autocomplete_test@293d0107]" started-at="2022-04-14T15:25:59 IST" name="Teardown" finished-at="2022-04-14T15:26:00 IST" duration-ms="1048" status="PASS">
          <reporter-output>
          </reporter-output>
        </test-method> <!-- Teardown -->
      </class> <!-- testingbaba.Testingbaba_autocomplete_test -->
    </test> <!-- autocomplete -->
    <test started-at="2022-04-14T15:26:00 IST" name="Webtable" finished-at="2022-04-14T15:26:22 IST" duration-ms="22689">
      <class name="testingbaba.Testingbaba_webtables_test">
        <test-method is-config="true" signature="launchtestingbaba()[pri:0, instance:testingbaba.Testingbaba_webtables_test@2e54db99]" started-at="2022-04-14T15:26:00 IST" name="launchtestingbaba" finished-at="2022-04-14T15:26:06 IST" duration-ms="6290" status="PASS">
          <reporter-output>
          </reporter-output>
        </test-method> <!-- launchtestingbaba -->
        <test-method signature="WebTablesTestingBaba_test01()[pri:0, instance:testingbaba.Testingbaba_webtables_test@2e54db99]" started-at="2022-04-14T15:26:06 IST" name="WebTablesTestingBaba_test01" finished-at="2022-04-14T15:26:22 IST" duration-ms="16397" status="PASS">
          <reporter-output>
          </reporter-output>
        </test-method> <!-- WebTablesTestingBaba_test01 -->
        <test-method is-config="true" signature="Teardown()[pri:0, instance:testingbaba.Testingbaba_webtables_test@2e54db99]" started-at="2022-04-14T15:26:22 IST" name="Teardown" finished-at="2022-04-14T15:26:22 IST" duration-ms="1" status="PASS">
          <reporter-output>
          </reporter-output>
        </test-method> <!-- Teardown -->
      </class> <!-- testingbaba.Testingbaba_webtables_test -->
    </test> <!-- Webtable -->
  </suite> <!-- Testingbaba -->
</testng-results>
