<?xml version="1.0" encoding="UTF-8"?>
<!-- Generated by org.testng.reporters.JUnitXMLReporter -->
<testsuite ignored="0" hostname="DESKTOP-493EAAE" failures="0" tests="1" name="radio" time="4.638" errors="0" timestamp="2022-04-14T15:25:48 IST">
  <testcase classname="testingbaba.Testingbaba_radio_test" name="@BeforeTest launchtestingbaba" time="4.616">
    <failure type="java.lang.NullPointerException" message="null value in entry: url=null">
      <![CDATA[java.lang.NullPointerException: null value in entry: url=null
at com.google.common.collect.CollectPreconditions.checkEntryNotNull(CollectPreconditions.java:33)
at com.google.common.collect.SingletonImmutableBiMap.<init>(SingletonImmutableBiMap.java:43)
at com.google.common.collect.ImmutableBiMap.of(ImmutableBiMap.java:81)
at com.google.common.collect.ImmutableMap.of(ImmutableMap.java:126)
at org.openqa.selenium.remote.DriverCommand.GET(DriverCommand.java:76)
at org.openqa.selenium.remote.RemoteWebDriver.get(RemoteWebDriver.java:327)
at testingbaba.Testingbaba_radio_test.launchtestingbaba(Testingbaba_radio_test.java:21)
... Removed 27 stack frames]]>
    </failure>
  </testcase> <!-- @BeforeTest launchtestingbaba -->
  <testcase classname="baselibrary.Baselibrary" name="@AfterTest Teardown" time="0.0">
    <skipped/>
  </testcase> <!-- @AfterTest Teardown -->
  <testcase classname="testingbaba.Testingbaba_radio_test" name="RadioButtonTestingBaba_test01" time="0.0">
    <skipped/>
  </testcase> <!-- RadioButtonTestingBaba_test01 -->
</testsuite> <!-- radio -->
